<?xml version="1.0" encoding="UTF-8"?>
<!-- Generated by org.testng.reporters.JUnitReportReporter -->
<testsuite hostname="Sevvelkarans-MacBook-Air.local" failures="0" tests="5" name="Runner.Runnerclass" time="201.902" errors="5" timestamp="2025-04-01T17:24:29 IST" skipped="0">
  <testcase classname="Runner.Runnerclass" name="runScenario" time="38.472">
    <error message="Cannot invoke &quot;org.openqa.selenium.WebDriver.findElement(org.openqa.selenium.By)&quot; because &quot;this.driver&quot; is null" type="java.lang.NullPointerException">
      <![CDATA[java.lang.NullPointerException: Cannot invoke "org.openqa.selenium.WebDriver.findElement(org.openqa.selenium.By)" because "this.driver" is null
at stepdefinition.SauseDemoLogin.the_user_provides_the_username(SauseDemoLogin.java:31)
at ✽.The user provides the Username(file:///Users/sevvelkaranpalanivetrivel/Desktop/Seleniumjava/Cucumber/src/test/resources/com/features/sausedemo.feature:26)
]]>
    </error>
  </testcase> <!-- runScenario -->
  <testcase classname="Runner.Runnerclass" name="runScenario" time="44.471">
    <error message="Cannot invoke &quot;org.openqa.selenium.WebDriver.findElement(org.openqa.selenium.By)&quot; because &quot;this.driver&quot; is null" type="java.lang.NullPointerException">
      <![CDATA[java.lang.NullPointerException: Cannot invoke "org.openqa.selenium.WebDriver.findElement(org.openqa.selenium.By)" because "this.driver" is null
at stepdefinition.SauseDemoLogin.the_user_provides_the_username(SauseDemoLogin.java:31)
at ✽.The user provides the Username(file:///Users/sevvelkaranpalanivetrivel/Desktop/Seleniumjava/Cucumber/src/test/resources/com/features/sausedemo.feature:60)
]]>
    </error>
  </testcase> <!-- runScenario -->
  <testcase classname="Runner.Runnerclass" name="runScenario" time="34.787">
    <error message="Cannot invoke &quot;org.openqa.selenium.WebDriver.findElement(org.openqa.selenium.By)&quot; because &quot;this.driver&quot; is null" type="java.lang.NullPointerException">
      <![CDATA[java.lang.NullPointerException: Cannot invoke "org.openqa.selenium.WebDriver.findElement(org.openqa.selenium.By)" because "this.driver" is null
at stepdefinition.SauseDemoLogin.the_user_provides_the_username(SauseDemoLogin.java:31)
at ✽.The user provides the Username(file:///Users/sevvelkaranpalanivetrivel/Desktop/Seleniumjava/Cucumber/src/test/resources/com/features/sausedemo.feature:43)
]]>
    </error>
  </testcase> <!-- runScenario -->
  <testcase classname="Runner.Runnerclass" name="runScenario" time="41.359">
    <error message="Cannot invoke &quot;org.openqa.selenium.WebDriver.findElement(org.openqa.selenium.By)&quot; because &quot;this.driver&quot; is null" type="java.lang.NullPointerException">
      <![CDATA[java.lang.NullPointerException: Cannot invoke "org.openqa.selenium.WebDriver.findElement(org.openqa.selenium.By)" because "this.driver" is null
at stepdefinition.SauseDemoLogin.the_user_provides_invalid_the_username(SauseDemoLogin.java:58)
at ✽.The user provides invalid the Username(file:///Users/sevvelkaranpalanivetrivel/Desktop/Seleniumjava/Cucumber/src/test/resources/com/features/sausedemo.feature:34)
]]>
    </error>
  </testcase> <!-- runScenario -->
  <testcase classname="Runner.Runnerclass" name="runScenario" time="42.813">
    <error message="Cannot invoke &quot;org.openqa.selenium.WebDriver.findElement(org.openqa.selenium.By)&quot; because &quot;this.driver&quot; is null" type="java.lang.NullPointerException">
      <![CDATA[java.lang.NullPointerException: Cannot invoke "org.openqa.selenium.WebDriver.findElement(org.openqa.selenium.By)" because "this.driver" is null
at stepdefinition.SauseDemoLogin.the_user_provides_no_username(SauseDemoLogin.java:78)
at ✽.The user provides no username(file:///Users/sevvelkaranpalanivetrivel/Desktop/Seleniumjava/Cucumber/src/test/resources/com/features/sausedemo.feature:51)
]]>
    </error>
  </testcase> <!-- runScenario -->
</testsuite> <!-- Runner.Runnerclass -->
