<?xml version="1.0" encoding="UTF-8"?>
<!-- Generated by org.testng.reporters.JUnitReportReporter -->
<testsuite hostname="Sevvelkarans-MacBook-Air.local" failures="0" tests="1" name="Runner.Runnerclass" time="11.221" errors="0" timestamp="2025-04-02T15:17:32 IST" skipped="0">
  <testcase classname="Runner.Runnerclass" name="runScenario" time="11.221"/>
</testsuite> <!-- Runner.Runnerclass -->
