<?xml version="1.0" encoding="UTF-8"?>
<!-- Generated by org.testng.reporters.JUnitReportReporter -->
<testsuite hostname="Sevvelkarans-MacBook-Air.local" failures="0" tests="1" name="Runner.datatableRunner" time="16.879" errors="0" timestamp="2025-04-03T12:09:18 IST" skipped="0">
  <testcase classname="Runner.datatableRunner" name="runScenario" time="16.879"/>
</testsuite> <!-- Runner.datatableRunner -->
