<?xml version="1.0" encoding="UTF-8"?>
<!-- Generated by org.testng.reporters.JUnitReportReporter -->
<testsuite hostname="Sevvelkarans-MacBook-Air.local" failures="0" tests="5" name="Runner.Runnerclass" time="53.928" errors="0" timestamp="2025-04-02T10:30:24 IST" skipped="0">
  <testcase classname="Runner.Runnerclass" name="runScenario" time="9.254"/>
  <testcase classname="Runner.Runnerclass" name="runScenario" time="11.062"/>
  <testcase classname="Runner.Runnerclass" name="runScenario" time="8.638"/>
  <testcase classname="Runner.Runnerclass" name="runScenario" time="11.876"/>
  <testcase classname="Runner.Runnerclass" name="runScenario" time="13.098"/>
</testsuite> <!-- Runner.Runnerclass -->
