<?xml version="1.0" encoding="UTF-8"?>
<!-- Generated by org.testng.reporters.JUnitReportReporter -->
<testsuite hostname="Sevvelkarans-MacBook-Air.local" failures="0" tests="5" name="Runner.Runnerclass" time="45.333" errors="0" timestamp="2025-04-02T11:14:44 IST" skipped="0">
  <testcase classname="Runner.Runnerclass" name="runScenario" time="8.856"/>
  <system-out/>
  <testcase classname="Runner.Runnerclass" name="runScenario" time="9.844"/>
  <system-out/>
  <testcase classname="Runner.Runnerclass" name="runScenario" time="8.212"/>
  <system-out/>
  <testcase classname="Runner.Runnerclass" name="runScenario" time="10.050"/>
  <system-out/>
  <testcase classname="Runner.Runnerclass" name="runScenario" time="8.371"/>
  <system-out/>
</testsuite> <!-- Runner.Runnerclass -->
