<?xml version="1.0" encoding="UTF-8"?>
<!-- Generated by org.testng.reporters.JUnitReportReporter -->
<testsuite hostname="Sevvelkarans-MacBook-Air.local" failures="0" tests="4" name="Runner.Runnerclass" time="63.902" errors="0" timestamp="2025-04-02T13:16:02 IST" skipped="0">
  <testcase classname="Runner.Runnerclass" name="runScenario" time="23.248"/>
  <system-out/>
  <testcase classname="Runner.Runnerclass" name="runScenario" time="11.465"/>
  <system-out/>
  <testcase classname="Runner.Runnerclass" name="runScenario" time="8.509"/>
  <system-out/>
  <testcase classname="Runner.Runnerclass" name="runScenario" time="20.680"/>
  <system-out/>
</testsuite> <!-- Runner.Runnerclass -->
