<?xml version="1.0" encoding="UTF-8"?>
<!-- Generated by org.testng.reporters.JUnitReportReporter -->
<testsuite hostname="Sevvelkarans-MacBook-Air.local" failures="0" tests="5" name="Runner.Runnerclass" time="41.876" errors="0" timestamp="2025-04-02T10:09:16 IST" skipped="0">
  <testcase classname="Runner.Runnerclass" name="runScenario" time="8.754"/>
  <testcase classname="Runner.Runnerclass" name="runScenario" time="8.842"/>
  <testcase classname="Runner.Runnerclass" name="runScenario" time="8.382"/>
  <testcase classname="Runner.Runnerclass" name="runScenario" time="7.562"/>
  <testcase classname="Runner.Runnerclass" name="runScenario" time="8.336"/>
</testsuite> <!-- Runner.Runnerclass -->
