<?xml version="1.0" encoding="UTF-8"?>
<!-- Generated by org.testng.reporters.JUnitReportReporter -->
<testsuite hostname="Sevvelkarans-MacBook-Air.local" failures="0" tests="3" name="Runner.OutlineRunner" time="58.073" errors="0" timestamp="2025-04-02T17:02:35 IST" skipped="0">
  <testcase classname="Runner.OutlineRunner" name="runScenario" time="18.212"/>
  <testcase classname="Runner.OutlineRunner" name="runScenario" time="20.913"/>
  <testcase classname="Runner.OutlineRunner" name="runScenario" time="18.948"/>
</testsuite> <!-- Runner.OutlineRunner -->
