<?xml version="1.0" encoding="UTF-8"?>
<!-- Generated by org.testng.reporters.JUnitReportReporter -->
<testsuite hostname="Sevvelkarans-MacBook-Air.local" failures="0" tests="6" name="Runner.DashboardRunner" time="97.234" errors="0" timestamp="2025-04-02T21:13:23 IST" skipped="0">
  <testcase classname="Runner.DashboardRunner" name="runScenario" time="15.224"/>
  <testcase classname="Runner.DashboardRunner" name="runScenario" time="18.346"/>
  <testcase classname="Runner.DashboardRunner" name="runScenario" time="14.492"/>
  <testcase classname="Runner.DashboardRunner" name="runScenario" time="16.672"/>
  <testcase classname="Runner.DashboardRunner" name="runScenario" time="15.155"/>
  <testcase classname="Runner.DashboardRunner" name="runScenario" time="17.345"/>
</testsuite> <!-- Runner.DashboardRunner -->
